<?xml version="1.0" encoding="UTF-8"?>
<!-- Generated by org.testng.reporters.JUnitReportReporter -->
<testsuite hostname="TAM" failures="0" tests="1" name="testCases.LoginPagetest" time="4.592" errors="0" timestamp="2022-11-03T23:14:25 IST" skipped="0">
  <testcase classname="testCases.LoginPagetest" name="ValidLogin" time="4.592"/>
  <system-out/>
</testsuite> <!-- testCases.LoginPagetest -->
